  Anim1Renderer.cpp
e:\cworkspace\thefuckingbrain\thefuckingbrain\model\..\tool\SkeletalAnimParser.hpp(26): warning C4091: 'static ': ignored on left of 'SkeletalAnimParser::VertexData' when no variable is declared
e:\cworkspace\thefuckingbrain\thefuckingbrain\model\..\tool\SkeletalAnimParser.hpp(36): warning C4091: 'static ': ignored on left of 'SkeletalAnimParser::AnimationData' when no variable is declared
model\Anim1Renderer.cpp(40): warning C4267: '=': conversion from 'size_t' to 'unsigned int', possible loss of data
model\Anim1Renderer.cpp(45): warning C4267: 'initializing': conversion from 'size_t' to 'int', possible loss of data
model\Anim1Renderer.cpp(46): warning C4267: 'initializing': conversion from 'size_t' to 'int', possible loss of data
model\Anim1Renderer.cpp(47): warning C4267: 'initializing': conversion from 'size_t' to 'int', possible loss of data
model\Anim1Renderer.cpp(48): warning C4267: 'initializing': conversion from 'size_t' to 'int', possible loss of data
model\Anim1Renderer.cpp(49): warning C4267: 'initializing': conversion from 'size_t' to 'int', possible loss of data
model\Anim1Renderer.cpp(50): warning C4267: 'initializing': conversion from 'size_t' to 'int', possible loss of data
model\Anim1Renderer.cpp(51): warning C4267: 'initializing': conversion from 'size_t' to 'int', possible loss of data
model\Anim1Renderer.cpp(97): warning C4312: 'type cast': conversion from 'int' to 'void *' of greater size
model\Anim1Renderer.cpp(114): warning C4312: 'type cast': conversion from 'int' to 'void *' of greater size
model\Anim1Renderer.cpp(118): warning C4312: 'type cast': conversion from 'int' to 'void *' of greater size
model\Anim1Renderer.cpp(122): warning C4312: 'type cast': conversion from 'int' to 'void *' of greater size
model\Anim1Renderer.cpp(126): warning C4312: 'type cast': conversion from 'int' to 'void *' of greater size
model\Anim1Renderer.cpp(130): warning C4312: 'type cast': conversion from 'int' to 'void *' of greater size
model\Anim1Renderer.cpp(152): warning C4244: 'initializing': conversion from 'double' to 'int', possible loss of data
model\Anim1Renderer.cpp(153): warning C4018: '<': signed/unsigned mismatch
  Generating code
  71 of 2095 functions ( 3.4%) were compiled, the rest were copied from previous compilation.
    0 functions were new in current compilation
    17 functions had inline decision re-evaluated but remain unchanged
  Finished generating code
  TheFuckingBrain.vcxproj -> E:\Cworkspace\TheFuckingBrain\x64\Release\TheFuckingBrain.exe
  TheFuckingBrain.vcxproj -> E:\Cworkspace\TheFuckingBrain\x64\Release\TheFuckingBrain.pdb (Full PDB)
